<?xml version="1.0" encoding="UTF-8"?>
<!-- Generated by org.testng.reporters.JUnitXMLReporter -->
<testsuite hostname="DESKTOP-9OFD6HA" ignored="0" name="Surefire test" tests="4" failures="0" timestamp="2020-04-16T10:50:42 PKT" time="69.568" errors="0">
  <testcase name="verifyText" time="11.781" classname="selendroid.Tests.DisplayTextTest"/>
  <testcase name="verifyRegistration" time="28.633" classname="selendroid.Tests.RegistrationTest"/>
  <testcase name="verifyToast" time="14.126" classname="selendroid.Tests.ToastMsgTest"/>
  <testcase name="verifyLongPress" time="14.968" classname="selendroid.Tests.TouchActionTest"/>
</testsuite> <!-- Surefire test -->
