<?xml version="1.0" encoding="UTF-8"?>
<testng-results skipped="0" failed="0" ignored="0" total="1" passed="1">
  <reporter-output>
  </reporter-output>
  <suite name="Selenroid Android App TestSuite" duration-ms="18906" started-at="2020-04-16T10:33:03 PKT" finished-at="2020-04-16T10:33:22 PKT">
    <groups>
    </groups>
    <test name="All Tests" duration-ms="18906" started-at="2020-04-16T10:33:03 PKT" finished-at="2020-04-16T10:33:22 PKT">
      <class name="selendroid.Tests.DisplayTextTest">
        <test-method status="PASS" signature="verifyText()[pri:0, instance:selendroid.Tests.DisplayTextTest@cb51256]" name="verifyText" duration-ms="18851" started-at="2020-04-16T10:33:03 PKT" finished-at="2020-04-16T10:33:22 PKT">
          <reporter-output>
          </reporter-output>
        </test-method> <!-- verifyText -->
      </class> <!-- selendroid.Tests.DisplayTextTest -->
    </test> <!-- All Tests -->
  </suite> <!-- Selenroid Android App TestSuite -->
</testng-results>
